<?xml version="1.0" encoding="UTF-8"?>
<testsuite name="org.launchcode.BalancedBracketsTest" tests="1" skipped="0" failures="0" errors="0" timestamp="2024-04-15T18:18:32" hostname="Jebrels-MacBook-Pro.local" time="0.006">
  <properties/>
  <testcase name="emptyTest()" classname="org.launchcode.BalancedBracketsTest" time="0.006"/>
  <system-out><![CDATA[]]></system-out>
  <system-err><![CDATA[]]></system-err>
</testsuite>
